python setup.py install
Traceback (most recent call last):
File "/home/ashwath/GitHub Tools/roguehostapd/roguehostapd/config/hostapdconfig-py", Line 10, in ‹module> from configarser import SafeConfigParser # Python 3
AAAAAAAAAAAAAAAAAAAAAAAAAAAAAAAAAAAAAAAAA
ImportError: cannot import name 'SafeConfigParser' from 'configparser' (/usr/lib/python3.12/configparser.py). Did you mean: 'RawConfigParser"?
During handling of the above exception, another exception occurred:
Traceback (most recent call last):
File "/home/ashwath/GitHub Tools/roguehostapd/setup-py", line 15, in ‹module> from roguehostapd.config.hostapdconfig import WHITE, RED
File "/home/ashwath/GitHub Tools/roguehostapd/roguehostapd/config/hostapdconfig-py", line 12, in ‹module> tron contigarser import SafeConfigParser # Python 2
٨٨٨٨٨٨٨A٨٨٨٨A٨٨٨٨٨٨٨٨٨٨٨٨٨٨٨٨٨٨٨٨٨٨٨٨٨٨٨٨
NoduleNotFoundError: No module named 'ConfigParser'
